2022-06-30 20:52:30,469 INFO [restartedMain] c.n.c.CommunityApplication [StartupInfoLogger.java:55] Starting CommunityApplication using Java 1.8.0_333 on DESKTOP-DVS27QC with PID 16184 (F:\Java_Program\community\target\classes started by Hao in F:\Java_Program\community)
2022-06-30 20:52:30,473 INFO [restartedMain] c.n.c.CommunityApplication [SpringApplication.java:634] No active profile set, falling back to 1 default profile: "default"
2022-06-30 20:52:30,539 INFO [restartedMain] o.s.b.d.e.DevToolsPropertyDefaultsPostProcessor [DeferredLog.java:255] Devtools property defaults active! Set 'spring.devtools.add-properties' to 'false' to disable
2022-06-30 20:52:30,540 INFO [restartedMain] o.s.b.d.e.DevToolsPropertyDefaultsPostProcessor [DeferredLog.java:255] For additional web related logging consider setting the 'logging.level.web' property to 'DEBUG'
2022-06-30 20:52:32,113 INFO [restartedMain] o.s.b.w.e.t.TomcatWebServer [TomcatWebServer.java:108] Tomcat initialized with port(s): 8080 (http)
2022-06-30 20:52:32,124 INFO [restartedMain] o.a.c.h.Http11NioProtocol [DirectJDKLog.java:173] Initializing ProtocolHandler ["http-nio-8080"]
2022-06-30 20:52:32,124 INFO [restartedMain] o.a.c.c.StandardService [DirectJDKLog.java:173] Starting service [Tomcat]
2022-06-30 20:52:32,125 INFO [restartedMain] o.a.c.c.StandardEngine [DirectJDKLog.java:173] Starting Servlet engine: [Apache Tomcat/9.0.63]
2022-06-30 20:52:32,197 INFO [restartedMain] o.a.c.c.C.[.[.[/community] [DirectJDKLog.java:173] Initializing Spring embedded WebApplicationContext
2022-06-30 20:52:32,198 INFO [restartedMain] o.s.b.w.s.c.ServletWebServerApplicationContext [ServletWebServerApplicationContext.java:292] Root WebApplicationContext: initialization completed in 1657 ms
2022-06-30 20:52:33,133 INFO [restartedMain] o.s.b.a.w.s.WelcomePageHandlerMapping [WelcomePageHandlerMapping.java:57] Adding welcome page template: index
2022-06-30 20:52:33,452 INFO [restartedMain] o.s.b.d.a.OptionalLiveReloadServer [OptionalLiveReloadServer.java:58] LiveReload server is running on port 35729
2022-06-30 20:52:33,466 INFO [restartedMain] o.a.c.h.Http11NioProtocol [DirectJDKLog.java:173] Starting ProtocolHandler ["http-nio-8080"]
2022-06-30 20:52:33,490 INFO [restartedMain] o.s.b.w.e.t.TomcatWebServer [TomcatWebServer.java:220] Tomcat started on port(s): 8080 (http) with context path '/community'
2022-06-30 20:52:33,502 INFO [restartedMain] c.n.c.CommunityApplication [StartupInfoLogger.java:61] Started CommunityApplication in 4.112 seconds (JVM running for 5.558)
2022-06-30 20:53:02,394 INFO [http-nio-8080-exec-1] o.a.c.c.C.[.[.[/community] [DirectJDKLog.java:173] Initializing Spring DispatcherServlet 'dispatcherServlet'
2022-06-30 20:53:02,395 INFO [http-nio-8080-exec-1] o.s.w.s.DispatcherServlet [FrameworkServlet.java:525] Initializing Servlet 'dispatcherServlet'
2022-06-30 20:53:02,396 INFO [http-nio-8080-exec-1] o.s.w.s.DispatcherServlet [FrameworkServlet.java:547] Completed initialization in 1 ms
2022-06-30 20:53:02,501 INFO [http-nio-8080-exec-1] c.n.c.a.ServiceLogAspect [ServiceLogAspect.java:37] 用户[0:0:0:0:0:0:0:1],在[2022-06-30 20:53:02],访问了[com.nowcoder.community.service.DiscussPostService.findDiscussPostRows].
2022-06-30 20:53:02,552 INFO [http-nio-8080-exec-1] c.z.h.HikariDataSource [HikariDataSource.java:110] HikariPool-1 - Starting...
2022-06-30 20:53:02,807 INFO [http-nio-8080-exec-1] c.z.h.HikariDataSource [HikariDataSource.java:123] HikariPool-1 - Start completed.
2022-06-30 20:53:02,977 INFO [http-nio-8080-exec-1] c.n.c.a.ServiceLogAspect [ServiceLogAspect.java:37] 用户[0:0:0:0:0:0:0:1],在[2022-06-30 20:53:02],访问了[com.nowcoder.community.service.DiscussPostService.findDiscussPosts].
2022-06-30 20:53:02,990 INFO [http-nio-8080-exec-1] c.n.c.a.ServiceLogAspect [ServiceLogAspect.java:37] 用户[0:0:0:0:0:0:0:1],在[2022-06-30 20:53:02],访问了[com.nowcoder.community.service.UserService.findUserById].
2022-06-30 20:53:03,006 INFO [http-nio-8080-exec-1] c.n.c.a.ServiceLogAspect [ServiceLogAspect.java:37] 用户[0:0:0:0:0:0:0:1],在[2022-06-30 20:53:03],访问了[com.nowcoder.community.service.UserService.findUserById].
2022-06-30 20:53:03,009 INFO [http-nio-8080-exec-1] c.n.c.a.ServiceLogAspect [ServiceLogAspect.java:37] 用户[0:0:0:0:0:0:0:1],在[2022-06-30 20:53:03],访问了[com.nowcoder.community.service.UserService.findUserById].
2022-06-30 20:53:03,012 INFO [http-nio-8080-exec-1] c.n.c.a.ServiceLogAspect [ServiceLogAspect.java:37] 用户[0:0:0:0:0:0:0:1],在[2022-06-30 20:53:03],访问了[com.nowcoder.community.service.UserService.findUserById].
2022-06-30 20:53:03,014 INFO [http-nio-8080-exec-1] c.n.c.a.ServiceLogAspect [ServiceLogAspect.java:37] 用户[0:0:0:0:0:0:0:1],在[2022-06-30 20:53:03],访问了[com.nowcoder.community.service.UserService.findUserById].
2022-06-30 20:53:03,016 INFO [http-nio-8080-exec-1] c.n.c.a.ServiceLogAspect [ServiceLogAspect.java:37] 用户[0:0:0:0:0:0:0:1],在[2022-06-30 20:53:03],访问了[com.nowcoder.community.service.UserService.findUserById].
2022-06-30 20:53:03,019 INFO [http-nio-8080-exec-1] c.n.c.a.ServiceLogAspect [ServiceLogAspect.java:37] 用户[0:0:0:0:0:0:0:1],在[2022-06-30 20:53:03],访问了[com.nowcoder.community.service.UserService.findUserById].
2022-06-30 20:53:03,022 INFO [http-nio-8080-exec-1] c.n.c.a.ServiceLogAspect [ServiceLogAspect.java:37] 用户[0:0:0:0:0:0:0:1],在[2022-06-30 20:53:03],访问了[com.nowcoder.community.service.UserService.findUserById].
2022-06-30 20:53:03,024 INFO [http-nio-8080-exec-1] c.n.c.a.ServiceLogAspect [ServiceLogAspect.java:37] 用户[0:0:0:0:0:0:0:1],在[2022-06-30 20:53:03],访问了[com.nowcoder.community.service.UserService.findUserById].
2022-06-30 20:53:03,027 INFO [http-nio-8080-exec-1] c.n.c.a.ServiceLogAspect [ServiceLogAspect.java:37] 用户[0:0:0:0:0:0:0:1],在[2022-06-30 20:53:03],访问了[com.nowcoder.community.service.UserService.findUserById].
2022-06-30 21:54:40,413 INFO [SpringApplicationShutdownHook] c.z.h.HikariDataSource [HikariDataSource.java:350] HikariPool-1 - Shutdown initiated...
2022-06-30 21:54:40,418 INFO [SpringApplicationShutdownHook] c.z.h.HikariDataSource [HikariDataSource.java:352] HikariPool-1 - Shutdown completed.
